# JRE version: OpenJDK Runtime Environment (11.0.5+10) (build 11.0.5+10-post-Ubuntu-0ubuntu1.118.04)
# Java VM: OpenJDK 64-Bit Server VM (11.0.5+10-post-Ubuntu-0ubuntu1.118.04, mixed mode, sharing, tiered, compressed oops, g1 gc, linux-amd64)
Heap:
 garbage-first heap   total 163840K, used 27521K [0x00000000c2400000, 0x0000000100000000)
  region size 1024K, 1 young (1024K), 1 survivors (1024K)
 Metaspace       used 36929K, capacity 38062K, committed 38352K, reserved 1083392K
  class space    used 4052K, capacity 4389K, committed 4480K, reserved 1048576K
GC Heap History (20 events):
Event: 497.828 GC heap after
{Heap after GC invocations=32 (full 0):
 garbage-first heap   total 65536K, used 31307K [0x00000000c2400000, 0x0000000100000000)
  region size 1024K, 2 young (2048K), 2 survivors (2048K)
 Metaspace       used 36833K, capacity 37870K, committed 38096K, reserved 1083392K
  class space    used 4052K, capacity 4389K, committed 4480K, reserved 1048576K
}
Event: 498.355 GC heap before
{Heap before GC invocations=32 (full 0):
 garbage-first heap   total 65536K, used 32331K [0x00000000c2400000, 0x0000000100000000)
  region size 1024K, 3 young (3072K), 2 survivors (2048K)
 Metaspace       used 36834K, capacity 37870K, committed 38096K, reserved 1083392K
  class space    used 4052K, capacity 4389K, committed 4480K, reserved 1048576K
}
Event: 498.392 GC heap after
{Heap after GC invocations=33 (full 0):
 garbage-first heap   total 81920K, used 29409K [0x00000000c2400000, 0x0000000100000000)
  region size 1024K, 1 young (1024K), 1 survivors (1024K)
 Metaspace       used 36834K, capacity 37870K, committed 38096K, reserved 1083392K
  class space    used 4052K, capacity 4389K, committed 4480K, reserved 1048576K
}
Event: 502.685 GC heap before
{Heap before GC invocations=33 (full 0):
 garbage-first heap   total 81920K, used 31457K [0x00000000c2400000, 0x0000000100000000)
  region size 1024K, 4 young (4096K), 1 survivors (1024K)
 Metaspace       used 36848K, capacity 37998K, committed 38352K, reserved 1083392K
  class space    used 4052K, capacity 4389K, committed 4480K, reserved 1048576K
}
Event: 502.688 GC heap after
{Heap after GC invocations=34 (full 0):
 garbage-first heap   total 81920K, used 27687K [0x00000000c2400000, 0x0000000100000000)
  region size 1024K, 1 young (1024K), 1 survivors (1024K)
 Metaspace       used 36848K, capacity 37998K, committed 38352K, reserved 1083392K
  class space    used 4052K, capacity 4389K, committed 4480K, reserved 1048576K
}
Event: 506.779 GC heap before
{Heap before GC invocations=34 (full 0):
 garbage-first heap   total 81920K, used 30759K [0x00000000c2400000, 0x0000000100000000)
  region size 1024K, 4 young (4096K), 1 survivors (1024K)
 Metaspace       used 36886K, capacity 37998K, committed 38352K, reserved 1083392K
  class space    used 4052K, capacity 4389K, committed 4480K, reserved 1048576K
}
Event: 506.782 GC heap after
{Heap after GC invocations=35 (full 0):
 garbage-first heap   total 81920K, used 27073K [0x00000000c2400000, 0x0000000100000000)
  region size 1024K, 1 young (1024K), 1 survivors (1024K)
 Metaspace       used 36886K, capacity 37998K, committed 38352K, reserved 1083392K
  class space    used 4052K, capacity 4389K, committed 4480K, reserved 1048576K
}
Event: 508.577 GC heap before
{Heap before GC invocations=35 (full 0):
 garbage-first heap   total 81920K, used 30145K [0x00000000c2400000, 0x0000000100000000)
  region size 1024K, 4 young (4096K), 1 survivors (1024K)
 Metaspace       used 36886K, capacity 37998K, committed 38352K, reserved 1083392K
  class space    used 4052K, capacity 4389K, committed 4480K, reserved 1048576K
}
Event: 508.578 GC heap after
{Heap after GC invocations=36 (full 0):
 garbage-first heap   total 81920K, used 27139K [0x00000000c2400000, 0x0000000100000000)
  region size 1024K, 1 young (1024K), 1 survivors (1024K)
 Metaspace       used 36886K, capacity 37998K, committed 38352K, reserved 1083392K
  class space    used 4052K, capacity 4389K, committed 4480K, reserved 1048576K
}
Event: 547.920 GC heap before
{Heap before GC invocations=36 (full 0):
 garbage-first heap   total 81920K, used 43523K [0x00000000c2400000, 0x0000000100000000)
  region size 1024K, 18 young (18432K), 1 survivors (1024K)
 Metaspace       used 36923K, capacity 38062K, committed 38352K, reserved 1083392K
  class space    used 4052K, capacity 4389K, committed 4480K, reserved 1048576K
}
Event: 549.354 GC heap after
{Heap after GC invocations=37 (full 0):
 garbage-first heap   total 81920K, used 27469K [0x00000000c2400000, 0x0000000100000000)
  region size 1024K, 1 young (1024K), 1 survivors (1024K)
 Metaspace       used 36923K, capacity 38062K, committed 38352K, reserved 1083392K
  class space    used 4052K, capacity 4389K, committed 4480K, reserved 1048576K
}
Event: 557.866 GC heap before
{Heap before GC invocations=37 (full 0):
 garbage-first heap   total 81920K, used 30541K [0x00000000c2400000, 0x0000000100000000)
  region size 1024K, 4 young (4096K), 1 survivors (1024K)
 Metaspace       used 36927K, capacity 38062K, committed 38352K, reserved 1083392K
  class space    used 4052K, capacity 4389K, committed 4480K, reserved 1048576K
}
Event: 558.292 GC heap after
{Heap after GC invocations=38 (full 0):
 garbage-first heap   total 81920K, used 27472K [0x00000000c2400000, 0x0000000100000000)
  region size 1024K, 1 young (1024K), 1 survivors (1024K)
 Metaspace       used 36927K, capacity 38062K, committed 38352K, reserved 1083392K
  class space    used 4052K, capacity 4389K, committed 4480K, reserved 1048576K
}
Event: 586.260 GC heap before
{Heap before GC invocations=38 (full 0):
 garbage-first heap   total 81920K, used 29520K [0x00000000c2400000, 0x0000000100000000)
  region size 1024K, 4 young (4096K), 1 survivors (1024K)
 Metaspace       used 36928K, capacity 38062K, committed 38352K, reserved 1083392K
  class space    used 4052K, capacity 4389K, committed 4480K, reserved 1048576K
}
Event: 587.220 GC heap after
{Heap after GC invocations=39 (full 0):
 garbage-first heap   total 81920K, used 27536K [0x00000000c2400000, 0x0000000100000000)
  region size 1024K, 1 young (1024K), 1 survivors (1024K)
 Metaspace       used 36928K, capacity 38062K, committed 38352K, reserved 1083392K
  class space    used 4052K, capacity 4389K, committed 4480K, reserved 1048576K
}
Event: 592.336 GC heap before
{Heap before GC invocations=39 (full 0):
 garbage-first heap   total 81920K, used 29584K [0x00000000c2400000, 0x0000000100000000)
  region size 1024K, 4 young (4096K), 1 survivors (1024K)
 Metaspace       used 36928K, capacity 38062K, committed 38352K, reserved 1083392K
  class space    used 4052K, capacity 4389K, committed 4480K, reserved 1048576K
}
Event: 597.769 GC heap after
{Heap after GC invocations=40 (full 0):
 garbage-first heap   total 81920K, used 27598K [0x00000000c2400000, 0x0000000100000000)
  region size 1024K, 1 young (1024K), 1 survivors (1024K)
 Metaspace       used 36928K, capacity 38062K, committed 38352K, reserved 1083392K
  class space    used 4052K, capacity 4389K, committed 4480K, reserved 1048576K
}
Event: 616.119 GC heap before
{Heap before GC invocations=40 (full 0):
 garbage-first heap   total 81920K, used 29646K [0x00000000c2400000, 0x0000000100000000)
  region size 1024K, 4 young (4096K), 1 survivors (1024K)
 Metaspace       used 36928K, capacity 38062K, committed 38352K, reserved 1083392K
  class space    used 4052K, capacity 4389K, committed 4480K, reserved 1048576K
}
Event: 620.094 GC heap after
{Heap after GC invocations=41 (full 0):
 garbage-first heap   total 81920K, used 27553K [0x00000000c2400000, 0x0000000100000000)
  region size 1024K, 1 young (1024K), 1 survivors (1024K)
 Metaspace       used 36928K, capacity 38062K, committed 38352K, reserved 1083392K
  class space    used 4052K, capacity 4389K, committed 4480K, reserved 1048576K
}
Event: 739.059 GC heap before
{Heap before GC invocations=41 (full 0):
 garbage-first heap   total 81920K, used 29601K [0x00000000c2400000, 0x0000000100000000)
  region size 1024K, 4 young (4096K), 1 survivors (1024K)
 Metaspace       used 36929K, capacity 38062K, committed 38352K, reserved 1083392K
  class space    used 4052K, capacity 4389K, committed 4480K, reserved 1048576K
}

