# JRE version: OpenJDK Runtime Environment (11.0.5+10) (build 11.0.5+10-post-Ubuntu-0ubuntu1.118.04)
# Java VM: OpenJDK 64-Bit Server VM (11.0.5+10-post-Ubuntu-0ubuntu1.118.04, mixed mode, sharing, tiered, compressed oops, g1 gc, linux-amd64)
Heap:
 garbage-first heap   total 167936K, used 27359K [0x00000000c2400000, 0x0000000100000000)
  region size 1024K, 1 young (1024K), 1 survivors (1024K)
 Metaspace       used 30715K, capacity 31775K, committed 32000K, reserved 1077248K
  class space    used 3437K, capacity 3753K, committed 3840K, reserved 1048576K
GC Heap History (20 events):
Event: 286.458 GC heap after
{Heap after GC invocations=42 (full 0):
 garbage-first heap   total 65536K, used 27185K [0x00000000c2400000, 0x0000000100000000)
  region size 1024K, 2 young (2048K), 2 survivors (2048K)
 Metaspace       used 30479K, capacity 31531K, committed 32000K, reserved 1077248K
  class space    used 3418K, capacity 3718K, committed 3840K, reserved 1048576K
}
Event: 286.669 GC heap before
{Heap before GC invocations=42 (full 0):
 garbage-first heap   total 65536K, used 52785K [0x00000000c2400000, 0x0000000100000000)
  region size 1024K, 27 young (27648K), 2 survivors (2048K)
 Metaspace       used 30521K, capacity 31595K, committed 32000K, reserved 1077248K
  class space    used 3418K, capacity 3718K, committed 3840K, reserved 1048576K
}
Event: 286.674 GC heap after
{Heap after GC invocations=43 (full 0):
 garbage-first heap   total 65536K, used 27182K [0x00000000c2400000, 0x0000000100000000)
  region size 1024K, 2 young (2048K), 2 survivors (2048K)
 Metaspace       used 30521K, capacity 31595K, committed 32000K, reserved 1077248K
  class space    used 3418K, capacity 3718K, committed 3840K, reserved 1048576K
}
Event: 298.068 GC heap before
{Heap before GC invocations=43 (full 0):
 garbage-first heap   total 65536K, used 52782K [0x00000000c2400000, 0x0000000100000000)
  region size 1024K, 27 young (27648K), 2 survivors (2048K)
 Metaspace       used 30696K, capacity 31772K, committed 32000K, reserved 1077248K
  class space    used 3437K, capacity 3753K, committed 3840K, reserved 1048576K
}
Event: 299.476 GC heap after
{Heap after GC invocations=44 (full 0):
 garbage-first heap   total 78848K, used 26905K [0x00000000c2400000, 0x0000000100000000)
  region size 1024K, 2 young (2048K), 2 survivors (2048K)
 Metaspace       used 30696K, capacity 31772K, committed 32000K, reserved 1077248K
  class space    used 3437K, capacity 3753K, committed 3840K, reserved 1048576K
}
Event: 300.370 GC heap before
{Heap before GC invocations=44 (full 0):
 garbage-first heap   total 78848K, used 27929K [0x00000000c2400000, 0x0000000100000000)
  region size 1024K, 3 young (3072K), 2 survivors (2048K)
 Metaspace       used 30697K, capacity 31772K, committed 32000K, reserved 1077248K
  class space    used 3437K, capacity 3753K, committed 3840K, reserved 1048576K
}
Event: 300.373 GC heap after
{Heap after GC invocations=45 (full 0):
 garbage-first heap   total 78848K, used 26861K [0x00000000c2400000, 0x0000000100000000)
  region size 1024K, 1 young (1024K), 1 survivors (1024K)
 Metaspace       used 30697K, capacity 31772K, committed 32000K, reserved 1077248K
  class space    used 3437K, capacity 3753K, committed 3840K, reserved 1048576K
}
Event: 302.279 GC heap before
{Heap before GC invocations=45 (full 0):
 garbage-first heap   total 78848K, used 28909K [0x00000000c2400000, 0x0000000100000000)
  region size 1024K, 3 young (3072K), 1 survivors (1024K)
 Metaspace       used 30699K, capacity 31772K, committed 32000K, reserved 1077248K
  class space    used 3437K, capacity 3753K, committed 3840K, reserved 1048576K
}
Event: 302.280 GC heap after
{Heap after GC invocations=46 (full 0):
 garbage-first heap   total 78848K, used 26876K [0x00000000c2400000, 0x0000000100000000)
  region size 1024K, 1 young (1024K), 1 survivors (1024K)
 Metaspace       used 30699K, capacity 31772K, committed 32000K, reserved 1077248K
  class space    used 3437K, capacity 3753K, committed 3840K, reserved 1048576K
}
Event: 305.129 GC heap before
{Heap before GC invocations=46 (full 0):
 garbage-first heap   total 78848K, used 28924K [0x00000000c2400000, 0x0000000100000000)
  region size 1024K, 3 young (3072K), 1 survivors (1024K)
 Metaspace       used 30704K, capacity 31772K, committed 32000K, reserved 1077248K
  class space    used 3437K, capacity 3753K, committed 3840K, reserved 1048576K
}
Event: 305.132 GC heap after
{Heap after GC invocations=47 (full 0):
 garbage-first heap   total 78848K, used 26905K [0x00000000c2400000, 0x0000000100000000)
  region size 1024K, 1 young (1024K), 1 survivors (1024K)
 Metaspace       used 30704K, capacity 31772K, committed 32000K, reserved 1077248K
  class space    used 3437K, capacity 3753K, committed 3840K, reserved 1048576K
}
Event: 339.370 GC heap before
{Heap before GC invocations=47 (full 0):
 garbage-first heap   total 78848K, used 51481K [0x00000000c2400000, 0x0000000100000000)
  region size 1024K, 25 young (25600K), 1 survivors (1024K)
 Metaspace       used 30710K, capacity 31775K, committed 32000K, reserved 1077248K
  class space    used 3437K, capacity 3753K, committed 3840K, reserved 1048576K
}
Event: 340.312 GC heap after
{Heap after GC invocations=48 (full 0):
 garbage-first heap   total 78848K, used 27787K [0x00000000c2400000, 0x0000000100000000)
  region size 1024K, 2 young (2048K), 2 survivors (2048K)
 Metaspace       used 30710K, capacity 31775K, committed 32000K, reserved 1077248K
  class space    used 3437K, capacity 3753K, committed 3840K, reserved 1048576K
}
Event: 341.650 GC heap before
{Heap before GC invocations=48 (full 0):
 garbage-first heap   total 78848K, used 28811K [0x00000000c2400000, 0x0000000100000000)
  region size 1024K, 3 young (3072K), 2 survivors (2048K)
 Metaspace       used 30710K, capacity 31775K, committed 32000K, reserved 1077248K
  class space    used 3437K, capacity 3753K, committed 3840K, reserved 1048576K
}
Event: 341.651 GC heap after
{Heap after GC invocations=49 (full 0):
 garbage-first heap   total 78848K, used 27050K [0x00000000c2400000, 0x0000000100000000)
  region size 1024K, 1 young (1024K), 1 survivors (1024K)
 Metaspace       used 30710K, capacity 31775K, committed 32000K, reserved 1077248K
  class space    used 3437K, capacity 3753K, committed 3840K, reserved 1048576K
}
Event: 350.541 GC heap before
{Heap before GC invocations=49 (full 0):
 garbage-first heap   total 78848K, used 29098K [0x00000000c2400000, 0x0000000100000000)
  region size 1024K, 3 young (3072K), 1 survivors (1024K)
 Metaspace       used 30710K, capacity 31775K, committed 32000K, reserved 1077248K
  class space    used 3437K, capacity 3753K, committed 3840K, reserved 1048576K
}
Event: 350.836 GC heap after
{Heap after GC invocations=50 (full 0):
 garbage-first heap   total 78848K, used 27231K [0x00000000c2400000, 0x0000000100000000)
  region size 1024K, 1 young (1024K), 1 survivors (1024K)
 Metaspace       used 30710K, capacity 31775K, committed 32000K, reserved 1077248K
  class space    used 3437K, capacity 3753K, committed 3840K, reserved 1048576K
}
Event: 355.092 GC heap before
{Heap before GC invocations=50 (full 0):
 garbage-first heap   total 78848K, used 28255K [0x00000000c2400000, 0x0000000100000000)
  region size 1024K, 3 young (3072K), 1 survivors (1024K)
 Metaspace       used 30710K, capacity 31775K, committed 32000K, reserved 1077248K
  class space    used 3437K, capacity 3753K, committed 3840K, reserved 1048576K
}
Event: 355.192 GC heap after
{Heap after GC invocations=51 (full 0):
 garbage-first heap   total 78848K, used 27244K [0x00000000c2400000, 0x0000000100000000)
  region size 1024K, 1 young (1024K), 1 survivors (1024K)
 Metaspace       used 30710K, capacity 31775K, committed 32000K, reserved 1077248K
  class space    used 3437K, capacity 3753K, committed 3840K, reserved 1048576K
}
Event: 364.527 GC heap before
{Heap before GC invocations=51 (full 0):
 garbage-first heap   total 78848K, used 35436K [0x00000000c2400000, 0x0000000100000000)
  region size 1024K, 9 young (9216K), 1 survivors (1024K)
 Metaspace       used 30715K, capacity 31775K, committed 32000K, reserved 1077248K
  class space    used 3437K, capacity 3753K, committed 3840K, reserved 1048576K
}

