# JRE version: OpenJDK Runtime Environment (11.0.5+10) (build 11.0.5+10-post-Ubuntu-0ubuntu1.118.04)
# Java VM: OpenJDK 64-Bit Server VM (11.0.5+10-post-Ubuntu-0ubuntu1.118.04, mixed mode, sharing, tiered, compressed oops, g1 gc, linux-amd64)
Heap:
 garbage-first heap   total 377856K, used 60038K [0x00000000c2400000, 0x0000000100000000)
  region size 1024K, 1 young (1024K), 1 survivors (1024K)
 Metaspace       used 175584K, capacity 747280K, committed 1096080K, reserved 1216512K
  class space    used 71848K, capacity 580956K, committed 929504K, reserved 1048576K
GC Heap History (20 events):
Event: 2281.830 GC heap after
{Heap after GC invocations=682 (full 0):
 garbage-first heap   total 241664K, used 58307K [0x00000000c2400000, 0x0000000100000000)
  region size 1024K, 1 young (1024K), 1 survivors (1024K)
 Metaspace       used 169546K, capacity 716878K, committed 1090192K, reserved 1210368K
  class space    used 68946K, capacity 556339K, committed 929504K, reserved 1048576K
}
Event: 2281.882 GC heap before
{Heap before GC invocations=682 (full 0):
 garbage-first heap   total 241664K, used 69571K [0x00000000c2400000, 0x0000000100000000)
  region size 1024K, 12 young (12288K), 1 survivors (1024K)
 Metaspace       used 169764K, capacity 717974K, committed 1090448K, reserved 1210368K
  class space    used 69050K, capacity 557223K, committed 929504K, reserved 1048576K
}
Event: 2281.890 GC heap after
{Heap after GC invocations=683 (full 0):
 garbage-first heap   total 241664K, used 58301K [0x00000000c2400000, 0x0000000100000000)
  region size 1024K, 1 young (1024K), 1 survivors (1024K)
 Metaspace       used 169764K, capacity 717974K, committed 1090448K, reserved 1210368K
  class space    used 69050K, capacity 557223K, committed 929504K, reserved 1048576K
}
Event: 2282.002 GC heap before
{Heap before GC invocations=683 (full 0):
 garbage-first heap   total 241664K, used 73661K [0x00000000c2400000, 0x0000000100000000)
  region size 1024K, 16 young (16384K), 1 survivors (1024K)
 Metaspace       used 170081K, capacity 719570K, committed 1090704K, reserved 1210368K
  class space    used 69203K, capacity 558515K, committed 929504K, reserved 1048576K
}
Event: 2282.008 GC heap after
{Heap after GC invocations=684 (full 0):
 garbage-first heap   total 241664K, used 58385K [0x00000000c2400000, 0x0000000100000000)
  region size 1024K, 1 young (1024K), 1 survivors (1024K)
 Metaspace       used 170081K, capacity 719570K, committed 1090704K, reserved 1210368K
  class space    used 69203K, capacity 558515K, committed 929504K, reserved 1048576K
}
Event: 2282.175 GC heap before
{Heap before GC invocations=684 (full 0):
 garbage-first heap   total 241664K, used 78865K [0x00000000c2400000, 0x0000000100000000)
  region size 1024K, 21 young (21504K), 1 survivors (1024K)
 Metaspace       used 170481K, capacity 721586K, committed 1090960K, reserved 1210368K
  class space    used 69395K, capacity 560147K, committed 929504K, reserved 1048576K
}
Event: 2282.181 GC heap after
{Heap after GC invocations=685 (full 0):
 garbage-first heap   total 241664K, used 58479K [0x00000000c2400000, 0x0000000100000000)
  region size 1024K, 2 young (2048K), 2 survivors (2048K)
 Metaspace       used 170481K, capacity 721586K, committed 1090960K, reserved 1210368K
  class space    used 69395K, capacity 560147K, committed 929504K, reserved 1048576K
}
Event: 2282.482 GC heap before
{Heap before GC invocations=685 (full 0):
 garbage-first heap   total 241664K, used 84079K [0x00000000c2400000, 0x0000000100000000)
  region size 1024K, 27 young (27648K), 2 survivors (2048K)
 Metaspace       used 171007K, capacity 724232K, committed 1091472K, reserved 1212416K
  class space    used 69648K, capacity 562289K, committed 929504K, reserved 1048576K
}
Event: 2282.489 GC heap after
{Heap after GC invocations=686 (full 0):
 garbage-first heap   total 241664K, used 58586K [0x00000000c2400000, 0x0000000100000000)
  region size 1024K, 2 young (2048K), 2 survivors (2048K)
 Metaspace       used 171007K, capacity 724232K, committed 1091472K, reserved 1212416K
  class space    used 69648K, capacity 562289K, committed 929504K, reserved 1048576K
}
Event: 2282.761 GC heap before
{Heap before GC invocations=686 (full 0):
 garbage-first heap   total 241664K, used 93402K [0x00000000c2400000, 0x0000000100000000)
  region size 1024K, 36 young (36864K), 2 survivors (2048K)
 Metaspace       used 171740K, capacity 727928K, committed 1092240K, reserved 1212416K
  class space    used 70000K, capacity 565281K, committed 929504K, reserved 1048576K
}
Event: 2282.768 GC heap after
{Heap after GC invocations=687 (full 0):
 garbage-first heap   total 241664K, used 58715K [0x00000000c2400000, 0x0000000100000000)
  region size 1024K, 2 young (2048K), 2 survivors (2048K)
 Metaspace       used 171740K, capacity 727928K, committed 1092240K, reserved 1212416K
  class space    used 70000K, capacity 565281K, committed 929504K, reserved 1048576K
}
Event: 2283.173 GC heap before
{Heap before GC invocations=687 (full 0):
 garbage-first heap   total 241664K, used 107867K [0x00000000c2400000, 0x0000000100000000)
  region size 1024K, 50 young (51200K), 2 survivors (2048K)
 Metaspace       used 172724K, capacity 732884K, committed 1093264K, reserved 1212416K
  class space    used 70473K, capacity 569293K, committed 929504K, reserved 1048576K
}
Event: 2283.188 GC heap after
{Heap after GC invocations=688 (full 0):
 garbage-first heap   total 241664K, used 58901K [0x00000000c2400000, 0x0000000100000000)
  region size 1024K, 2 young (2048K), 2 survivors (2048K)
 Metaspace       used 172724K, capacity 732884K, committed 1093264K, reserved 1212416K
  class space    used 70473K, capacity 569293K, committed 929504K, reserved 1048576K
}
Event: 2283.797 GC heap before
{Heap before GC invocations=688 (full 0):
 garbage-first heap   total 241664K, used 127509K [0x00000000c2400000, 0x0000000100000000)
  region size 1024K, 69 young (70656K), 2 survivors (2048K)
 Metaspace       used 174117K, capacity 739898K, committed 1094544K, reserved 1214464K
  class space    used 71142K, capacity 574971K, committed 929504K, reserved 1048576K
}
Event: 2283.805 GC heap after
{Heap after GC invocations=689 (full 0):
 garbage-first heap   total 241664K, used 59174K [0x00000000c2400000, 0x0000000100000000)
  region size 1024K, 2 young (2048K), 2 survivors (2048K)
 Metaspace       used 174117K, capacity 739898K, committed 1094544K, reserved 1214464K
  class space    used 71142K, capacity 574971K, committed 929504K, reserved 1048576K
}
Event: 2390.068 GC heap before
{Heap before GC invocations=689 (full 0):
 garbage-first heap   total 241664K, used 154406K [0x00000000c2400000, 0x0000000100000000)
  region size 1024K, 95 young (97280K), 2 survivors (2048K)
 Metaspace       used 175235K, capacity 745520K, committed 1095568K, reserved 1216512K
  class space    used 71680K, capacity 579528K, committed 929504K, reserved 1048576K
}
Event: 2393.965 GC heap after
{Heap after GC invocations=690 (full 0):
 garbage-first heap   total 241664K, used 60191K [0x00000000c2400000, 0x0000000100000000)
  region size 1024K, 3 young (3072K), 3 survivors (3072K)
 Metaspace       used 175235K, capacity 745520K, committed 1095568K, reserved 1216512K
  class space    used 71680K, capacity 579528K, committed 929504K, reserved 1048576K
}
Event: 2460.961 GC heap before
{Heap before GC invocations=690 (full 0):
 garbage-first heap   total 241664K, used 68383K [0x00000000c2400000, 0x0000000100000000)
  region size 1024K, 11 young (11264K), 3 survivors (3072K)
 Metaspace       used 175377K, capacity 746234K, committed 1095824K, reserved 1216512K
  class space    used 71748K, capacity 580106K, committed 929504K, reserved 1048576K
}
Event: 2462.118 GC heap after
{Heap after GC invocations=691 (full 0):
 garbage-first heap   total 241664K, used 60134K [0x00000000c2400000, 0x0000000100000000)
  region size 1024K, 1 young (1024K), 1 survivors (1024K)
 Metaspace       used 175377K, capacity 746234K, committed 1095824K, reserved 1216512K
  class space    used 71748K, capacity 580106K, committed 929504K, reserved 1048576K
}
Event: 2468.271 GC heap before
{Heap before GC invocations=691 (full 0):
 garbage-first heap   total 241664K, used 70374K [0x00000000c2400000, 0x0000000100000000)
  region size 1024K, 11 young (11264K), 1 survivors (1024K)
 Metaspace       used 175584K, capacity 747280K, committed 1096080K, reserved 1216512K
  class space    used 71848K, capacity 580956K, committed 929504K, reserved 1048576K
}

